# JRE version: OpenJDK Runtime Environment (8.0_112-b06) (build 1.8.0_112-release-b06)
# Java VM: OpenJDK 64-Bit Server VM (25.112-b06 mixed mode windows-amd64 compressed oops)
Heap:
 PSYoungGen      total 235520K, used 223232K [0x00000000eab00000, 0x0000000100000000, 0x0000000100000000)
  eden space 223232K, 100% used [0x00000000eab00000,0x00000000f8500000,0x00000000f8500000)
  from space 12288K, 0% used [0x00000000fb680000,0x00000000fb680000,0x00000000fc280000)
  to   space 50688K, 0% used [0x00000000f8500000,0x00000000f8500000,0x00000000fb680000)
 ParOldGen       total 94208K, used 93961K [0x00000000c0000000, 0x00000000c5c00000, 0x00000000eab00000)
  object space 94208K, 99% used [0x00000000c0000000,0x00000000c5bc2770,0x00000000c5c00000)
 Metaspace       used 6561K, capacity 7344K, committed 7552K, reserved 1056768K
  class space    used 596K, capacity 616K, committed 640K, reserved 1048576K
GC Heap History (10 events):
Event: 5.324 GC heap after
Heap after GC invocations=11 (full 1):
 PSYoungGen      total 235520K, used 12288K [0x00000000eab00000, 0x0000000100000000, 0x0000000100000000)
  eden space 223232K, 0% used [0x00000000eab00000,0x00000000eab00000,0x00000000f8500000)
  from space 12288K, 100% used [0x00000000fb680000,0x00000000fc280000,0x00000000fc280000)
  to   space 50688K, 0% used [0x00000000f8500000,0x00000000f8500000,0x00000000fb680000)
 ParOldGen       total 94208K, used 93231K [0x00000000c0000000, 0x00000000c5c00000, 0x00000000eab00000)
  object space 94208K, 98% used [0x00000000c0000000,0x00000000c5b0bd40,0x00000000c5c00000)
 Metaspace       used 6529K, capacity 7344K, committed 7552K, reserved 1056768K
  class space    used 596K, capacity 616K, committed 640K, reserved 1048576K
}
Event: 5.324 GC heap before
{Heap before GC invocations=12 (full 2):
 PSYoungGen      total 235520K, used 12288K [0x00000000eab00000, 0x0000000100000000, 0x0000000100000000)
  eden space 223232K, 0% used [0x00000000eab00000,0x00000000eab00000,0x00000000f8500000)
  from space 12288K, 100% used [0x00000000fb680000,0x00000000fc280000,0x00000000fc280000)
  to   space 50688K, 0% used [0x00000000f8500000,0x00000000f8500000,0x00000000fb680000)
 ParOldGen       total 94208K, used 93231K [0x00000000c0000000, 0x00000000c5c00000, 0x00000000eab00000)
  object space 94208K, 98% used [0x00000000c0000000,0x00000000c5b0bd40,0x00000000c5c00000)
 Metaspace       used 6529K, capacity 7344K, committed 7552K, reserved 1056768K
  class space    used 596K, capacity 616K, committed 640K, reserved 1048576K
Event: 6.341 GC heap after
Heap after GC invocations=12 (full 2):
 PSYoungGen      total 235520K, used 7146K [0x00000000eab00000, 0x0000000100000000, 0x0000000100000000)
  eden space 223232K, 0% used [0x00000000eab00000,0x00000000eab00000,0x00000000f8500000)
  from space 12288K, 58% used [0x00000000fb680000,0x00000000fbd7abb8,0x00000000fc280000)
  to   space 50688K, 0% used [0x00000000f8500000,0x00000000f8500000,0x00000000fb680000)
 ParOldGen       total 94208K, used 93885K [0x00000000c0000000, 0x00000000c5c00000, 0x00000000eab00000)
  object space 94208K, 99% used [0x00000000c0000000,0x00000000c5baf508,0x00000000c5c00000)
 Metaspace       used 6529K, capacity 7344K, committed 7552K, reserved 1056768K
  class space    used 596K, capacity 616K, committed 640K, reserved 1048576K
}
Event: 8.554 GC heap before
{Heap before GC invocations=13 (full 3):
 PSYoungGen      total 235520K, used 230378K [0x00000000eab00000, 0x0000000100000000, 0x0000000100000000)
  eden space 223232K, 100% used [0x00000000eab00000,0x00000000f8500000,0x00000000f8500000)
  from space 12288K, 58% used [0x00000000fb680000,0x00000000fbd7abb8,0x00000000fc280000)
  to   space 50688K, 0% used [0x00000000f8500000,0x00000000f8500000,0x00000000fb680000)
 ParOldGen       total 94208K, used 93885K [0x00000000c0000000, 0x00000000c5c00000, 0x00000000eab00000)
  object space 94208K, 99% used [0x00000000c0000000,0x00000000c5baf508,0x00000000c5c00000)
 Metaspace       used 6531K, capacity 7344K, committed 7552K, reserved 1056768K
  class space    used 596K, capacity 616K, committed 640K, reserved 1048576K
Event: 9.470 GC heap after
Heap after GC invocations=13 (full 3):
 PSYoungGen      total 235520K, used 35828K [0x00000000eab00000, 0x0000000100000000, 0x0000000100000000)
  eden space 223232K, 16% used [0x00000000eab00000,0x00000000ecdfd018,0x00000000f8500000)
  from space 12288K, 0% used [0x00000000fb680000,0x00000000fb680000,0x00000000fc280000)
  to   space 50688K, 0% used [0x00000000f8500000,0x00000000f8500000,0x00000000fb680000)
 ParOldGen       total 94208K, used 94147K [0x00000000c0000000, 0x00000000c5c00000, 0x00000000eab00000)
  object space 94208K, 99% used [0x00000000c0000000,0x00000000c5bf0c80,0x00000000c5c00000)
 Metaspace       used 6531K, capacity 7344K, committed 7552K, reserved 1056768K
  class space    used 596K, capacity 616K, committed 640K, reserved 1048576K
}
Event: 10.185 GC heap before
{Heap before GC invocations=14 (full 4):
 PSYoungGen      total 235520K, used 223232K [0x00000000eab00000, 0x0000000100000000, 0x0000000100000000)
  eden space 223232K, 100% used [0x00000000eab00000,0x00000000f8500000,0x00000000f8500000)
  from space 12288K, 0% used [0x00000000fb680000,0x00000000fb680000,0x00000000fc280000)
  to   space 50688K, 0% used [0x00000000f8500000,0x00000000f8500000,0x00000000fb680000)
 ParOldGen       total 94208K, used 94147K [0x00000000c0000000, 0x00000000c5c00000, 0x00000000eab00000)
  object space 94208K, 99% used [0x00000000c0000000,0x00000000c5bf0c80,0x00000000c5c00000)
 Metaspace       used 6550K, capacity 7344K, committed 7552K, reserved 1056768K
  class space    used 596K, capacity 616K, committed 640K, reserved 1048576K
Event: 11.033 GC heap after
Heap after GC invocations=14 (full 4):
 PSYoungGen      total 235520K, used 63340K [0x00000000eab00000, 0x0000000100000000, 0x0000000100000000)
  eden space 223232K, 28% used [0x00000000eab00000,0x00000000ee8db200,0x00000000f8500000)
  from space 12288K, 0% used [0x00000000fb680000,0x00000000fb680000,0x00000000fc280000)
  to   space 50688K, 0% used [0x00000000f8500000,0x00000000f8500000,0x00000000fb680000)
 ParOldGen       total 94208K, used 93962K [0x00000000c0000000, 0x00000000c5c00000, 0x00000000eab00000)
  object space 94208K, 99% used [0x00000000c0000000,0x00000000c5bc2980,0x00000000c5c00000)
 Metaspace       used 6550K, capacity 7344K, committed 7552K, reserved 1056768K
  class space    used 596K, capacity 616K, committed 640K, reserved 1048576K
}
Event: 11.427 GC heap before
{Heap before GC invocations=15 (full 5):
 PSYoungGen      total 235520K, used 223232K [0x00000000eab00000, 0x0000000100000000, 0x0000000100000000)
  eden space 223232K, 100% used [0x00000000eab00000,0x00000000f8500000,0x00000000f8500000)
  from space 12288K, 0% used [0x00000000fb680000,0x00000000fb680000,0x00000000fc280000)
  to   space 50688K, 0% used [0x00000000f8500000,0x00000000f8500000,0x00000000fb680000)
 ParOldGen       total 94208K, used 93962K [0x00000000c0000000, 0x00000000c5c00000, 0x00000000eab00000)
  object space 94208K, 99% used [0x00000000c0000000,0x00000000c5bc2980,0x00000000c5c00000)
 Metaspace       used 6560K, capacity 7344K, committed 7552K, reserved 1056768K
  class space    used 596K, capacity 616K, committed 640K, reserved 1048576K
Event: 12.008 GC heap after
Heap after GC invocations=15 (full 5):
 PSYoungGen      total 235520K, used 88725K [0x00000000eab00000, 0x0000000100000000, 0x0000000100000000)
  eden space 223232K, 39% used [0x00000000eab00000,0x00000000f01a5700,0x00000000f8500000)
  from space 12288K, 0% used [0x00000000fb680000,0x00000000fb680000,0x00000000fc280000)
  to   space 50688K, 0% used [0x00000000f8500000,0x00000000f8500000,0x00000000fb680000)
 ParOldGen       total 94208K, used 93961K [0x00000000c0000000, 0x00000000c5c00000, 0x00000000eab00000)
  object space 94208K, 99% used [0x00000000c0000000,0x00000000c5bc2770,0x00000000c5c00000)
 Metaspace       used 6560K, capacity 7344K, committed 7552K, reserved 1056768K
  class space    used 596K, capacity 616K, committed 640K, reserved 1048576K
}
Event: 12.341 GC heap before
{Heap before GC invocations=16 (full 6):
 PSYoungGen      total 235520K, used 223232K [0x00000000eab00000, 0x0000000100000000, 0x0000000100000000)
  eden space 223232K, 100% used [0x00000000eab00000,0x00000000f8500000,0x00000000f8500000)
  from space 12288K, 0% used [0x00000000fb680000,0x00000000fb680000,0x00000000fc280000)
  to   space 50688K, 0% used [0x00000000f8500000,0x00000000f8500000,0x00000000fb680000)
 ParOldGen       total 94208K, used 93961K [0x00000000c0000000, 0x00000000c5c00000, 0x00000000eab00000)
  object space 94208K, 99% used [0x00000000c0000000,0x00000000c5bc2770,0x00000000c5c00000)
 Metaspace       used 6561K, capacity 7344K, committed 7552K, reserved 1056768K
  class space    used 596K, capacity 616K, committed 640K, reserved 1048576K

